<?xml version="1.0" encoding="utf-8" standalone="no"?>
<!--This file represents the results of running a test suite-->
<test-results name="C:\Users\uir040\Documents\GitHub\Forks\WatchlistService\WatchlistService.Tests\WatchlistService.Tests.nunit" total="10" errors="0" failures="0" not-run="0" inconclusive="0" ignored="0" skipped="0" invalid="0" date="2016-02-19" time="14:39:55">
  <environment nunit-version="2.6.4.14350" clr-version="2.0.50727.5485" os-version="Microsoft Windows NT 6.1.7601 Service Pack 1" platform="Win32NT" cwd="C:\Program Files (x86)\Jenkins\jobs\WatchlistTest\workspace" machine-name="MUSACA155910" user="SYSTEM" user-domain="COF" />
  <culture-info current-culture="en-US" current-uiculture="en-US" />
  <test-suite type="Project" name="C:\Users\uir040\Documents\GitHub\Forks\WatchlistService\WatchlistService.Tests\WatchlistService.Tests.nunit" executed="True" result="Success" success="True" time="0.559" asserts="0">
    <results>
      <test-suite type="Assembly" name="C:\Users\uir040\Documents\GitHub\Forks\WatchlistService\WatchlistService.Tests\bin\Debug\WatchlistService.Tests.dll" executed="True" result="Success" success="True" time="0.555" asserts="0">
        <results>
          <test-suite type="Namespace" name="WatchlistService" executed="True" result="Success" success="True" time="0.555" asserts="0">
            <results>
              <test-suite type="Namespace" name="Tests" executed="True" result="Success" success="True" time="0.554" asserts="0">
                <results>
                  <test-suite type="Namespace" name="Controllers" executed="True" result="Success" success="True" time="0.437" asserts="0">
                    <results>
                      <test-suite type="TestFixture" name="TestWatchlistController" executed="True" result="Success" success="True" time="0.435" asserts="0">
                        <results>
                          <test-case name="WatchlistService.Tests.Controllers.TestWatchlistController.Test_CreateWatchlist_ShouldReturnGoodRequestWithValidInput" executed="True" result="Success" success="True" time="0.421" asserts="2">
                            <categories>
                              <category name="Watchlist Controller Test" />
                            </categories>
                          </test-case>
                          <test-case name="WatchlistService.Tests.Controllers.TestWatchlistController.Test_GetWatchlistById_ShouldReturnBadRequestWithInvalidInput" executed="True" result="Success" success="True" time="0.000" asserts="0">
                            <categories>
                              <category name="Watchlist Controller Test" />
                            </categories>
                          </test-case>
                          <test-case name="WatchlistService.Tests.Controllers.TestWatchlistController.Test_GetWatchlistById_ShouldReturnBadRequestWithInvalidInvestorID" executed="True" result="Success" success="True" time="0.002" asserts="1">
                            <categories>
                              <category name="Watchlist Controller Test" />
                            </categories>
                          </test-case>
                          <test-case name="WatchlistService.Tests.Controllers.TestWatchlistController.Test_GetWatchlistById_ShouldReturnResultWithValidInput" executed="True" result="Success" success="True" time="0.005" asserts="3">
                            <categories>
                              <category name="Watchlist Controller Test" />
                            </categories>
                          </test-case>
                        </results>
                      </test-suite>
                    </results>
                  </test-suite>
                  <test-suite type="Namespace" name="DataAccess" executed="True" result="Success" success="True" time="0.002" asserts="0">
                    <results>
                      <test-suite type="TestFixture" name="TestDataAccess" executed="True" result="Success" success="True" time="0.001" asserts="0">
                        <results>
                          <test-case name="WatchlistService.Tests.DataAccess.TestDataAccess.Test_DataAccess_WatchListMODProvider_" executed="True" result="Success" success="True" time="0.000" asserts="0">
                            <categories>
                              <category name="Watchlist Data Access Test" />
                            </categories>
                          </test-case>
                        </results>
                      </test-suite>
                    </results>
                  </test-suite>
                  <test-suite type="Namespace" name="ExternalServices" executed="True" result="Success" success="True" time="0.059" asserts="0">
                    <results>
                      <test-suite type="TestFixture" name="TestExternalServices_Quotes" executed="True" result="Success" success="True" time="0.058" asserts="0">
                        <results>
                          <test-case name="WatchlistService.Tests.ExternalServices.TestExternalServices_Quotes.Test_ExternalServices_GetQuoteReturnsValues" executed="True" result="Success" success="True" time="0.054" asserts="2">
                            <categories>
                              <category name="Watchlist External Services (Quote) Test" />
                            </categories>
                          </test-case>
                          <test-case name="WatchlistService.Tests.ExternalServices.TestExternalServices_Quotes.Test_ExternalServices_GetQuoteSetsErrorMessagesWhenExceptionThrown" executed="True" result="Success" success="True" time="0.003" asserts="2">
                            <categories>
                              <category name="Watchlist External Services (Quote) Test" />
                            </categories>
                          </test-case>
                        </results>
                      </test-suite>
                    </results>
                  </test-suite>
                  <test-suite type="Namespace" name="Repository" executed="True" result="Success" success="True" time="0.054" asserts="0">
                    <results>
                      <test-suite type="TestFixture" name="TestWatchlistRepository" executed="True" result="Success" success="True" time="0.053" asserts="0">
                        <results>
                          <test-case name="WatchlistService.Tests.Repository.TestWatchlistRepository.Test_GetWatchlists_ShouldReturnEmptyButValidResults" executed="True" result="Success" success="True" time="0.008" asserts="2">
                            <categories>
                              <category name="Watchlist repository test" />
                            </categories>
                          </test-case>
                          <test-case name="WatchlistService.Tests.Repository.TestWatchlistRepository.Test_GetWatchlists_ShouldReturnGoodResults" executed="True" result="Success" success="True" time="0.001" asserts="2">
                            <categories>
                              <category name="Watchlist repository test" />
                            </categories>
                          </test-case>
                          <test-case name="WatchlistService.Tests.Repository.TestWatchlistRepository.Test_GetWatchlists_ShouldReturnNullResults" executed="True" result="Success" success="True" time="0.001" asserts="1">
                            <categories>
                              <category name="Watchlist repository test" />
                            </categories>
                          </test-case>
                        </results>
                      </test-suite>
                    </results>
                  </test-suite>
                </results>
              </test-suite>
            </results>
          </test-suite>
        </results>
      </test-suite>
    </results>
  </test-suite>
</test-results>